sample.interval=20000
"readLines" "summaryRprof" 
"print.default" "print" "print.data.frame" "<Anonymous>" 
"as.character" "::" "withCallingHandlers" "base::suppressWarnings" 
"withCallingHandlers" "base::suppressWarnings" 
"asNamespace" "getExportedValue" "::" 
"asNamespace" "getExportedValue" "::" 
"base::suppressWarnings" 
"::" 
"asNamespace" "getExportedValue" "::" 
"asNamespace" "getExportedValue" "::" 
"conditionCall" "value[[3]]" "tryCatchOne" "tryCatchList" "tryCatch" "base::try" "withCallingHandlers" "base::suppressWarnings" 
"tryCatch" "base::try" "withCallingHandlers" "base::suppressWarnings" 
"as.character" "::" "withCallingHandlers" "base::suppressWarnings" 
"base::suppressWarnings" 
".Call" ".rs.getKnitParamsForDocument" ".rs.injectKnitrParamsObject" ".rs.rpc.get_completions" 
"lapply" ".rs.objectsOnSearchPath" ".rs.getCompletionsSearchPath" "Reduce" ".rs.rpc.get_completions" 
"substring" ".rs.startsWith" ".rs.fuzzyMatches" ".rs.getCompletionsSearchPath" "Reduce" ".rs.rpc.get_completions" 
"readRDS" "tools:::httpd" "withCallingHandlers" "suppressWarnings" ".rs.getHelp" ".rs.rpc.get_help" 
"%in%" "structure" "grep" "isBlankRd" "writeWrapped" "writeBlock" "writeContent" "writeSection" "Rd2HTML" "tools:::httpd" "withCallingHandlers" "suppressWarnings" ".rs.getHelp" ".rs.rpc.get_help" 
"getExportedValue" "::" 
"as.character" "::" 
"::" 
"getExportedValue" "::" 
"::" "withCallingHandlers" "base::suppressWarnings" 
"doTryCatch" "tryCatchOne" "tryCatchList" "tryCatch" "base::try" "withCallingHandlers" "base::suppressWarnings" 
"getExportedValue" "::" 
"base::suppressWarnings" 
"tryCatch" "base::try" "withCallingHandlers" "base::suppressWarnings" 
"asNamespace" "getExportedValue" "::" 
"options" "base::suppressWarnings" 
"paste0" "value[[3]]" "tryCatchOne" "tryCatchList" "tryCatch" "base::try" "withCallingHandlers" "base::suppressWarnings" 
"%in%" "deparse" "value[[3]]" "tryCatchOne" "tryCatchList" "tryCatch" "base::try" "withCallingHandlers" "base::suppressWarnings" 
"is.expression" "mode" "%in%" "deparse" "mode" "%in%" "deparse" "value[[3]]" "tryCatchOne" "tryCatchList" "tryCatch" "base::try" "withCallingHandlers" "base::suppressWarnings" 
"::" 
"::" 
"getExportedValue" "::" "withCallingHandlers" "base::suppressWarnings" 
"withCallingHandlers" "base::suppressWarnings" 
"base::suppressWarnings" 
"conditionMessage" "strsplit" "value[[3]]" "tryCatchOne" "tryCatchList" "tryCatch" "base::try" "withCallingHandlers" "base::suppressWarnings" 
"conditionCall.condition" "conditionCall" "value[[3]]" "tryCatchOne" "tryCatchList" "tryCatch" "base::try" "withCallingHandlers" "base::suppressWarnings" 
"getExportedValue" "::" "withCallingHandlers" "base::suppressWarnings" 
"conditionCall" "value[[3]]" "tryCatchOne" "tryCatchList" "tryCatch" "base::try" "withCallingHandlers" "base::suppressWarnings" 
"tryCatchList" "tryCatch" "base::try" "withCallingHandlers" "base::suppressWarnings" 
"withCallingHandlers" "base::suppressWarnings" 
"get" "getExportedValue" "::" 
"withCallingHandlers" "base::suppressWarnings" 
"isNamespace" "asNamespace" "getExportedValue" "::" "withCallingHandlers" "base::suppressWarnings" 
"withCallingHandlers" "base::suppressWarnings" 
"::" 
"%in%" "deparse" "value[[3]]" "tryCatchOne" "tryCatchList" "tryCatch" "base::try" "withCallingHandlers" "base::suppressWarnings" 
"tryCatch" "base::try" "withCallingHandlers" "base::suppressWarnings" 
"asNamespace" "getExportedValue" "::" 
